mktexpk --mfmode / --bdpi 600 --mag 1+0/600 --dpi 600 ecti0600
mktexpk --mfmode / --bdpi 600 --mag 1+0/600 --dpi 600 ecst1000
mktexpk --mfmode / --bdpi 600 --mag 1+0/600 --dpi 600 ecbl0700
mktexpk --mfmode / --bdpi 600 --mag 1+0/600 --dpi 600 ecsl0700
mktexpk --mfmode / --bdpi 600 --mag 1+0/600 --dpi 600 ecso2488
mktexpk --mfmode / --bdpi 600 --mag 1+0/600 --dpi 600 ecso1000
mktexpk --mfmode / --bdpi 600 --mag 1+0/600 --dpi 600 ecso0900
mktexpk --mfmode / --bdpi 600 --mag 1+0/600 --dpi 600 ecsl0900
mktexpk --mfmode / --bdpi 600 --mag 1+0/600 --dpi 600 ecbi0900
mktexpk --mfmode / --bdpi 600 --mag 1+0/600 --dpi 600 ectt1440
mktexpk --mfmode / --bdpi 600 --mag 1+0/600 --dpi 600 ecso1200
mktexpk --mfmode / --bdpi 600 --mag 1+0/600 --dpi 600 ecsx1200
mktexpk --mfmode / --bdpi 600 --mag 1+0/600 --dpi 600 tcrm1000
mktexpk --mfmode / --bdpi 600 --mag 1+0/600 --dpi 600 ecsx0900
mktexpk --mfmode / --bdpi 600 --mag 1+0/600 --dpi 600 eccc0800
mktexpk --mfmode / --bdpi 600 --mag 1+0/600 --dpi 600 ecbx0900
mktexpk --mfmode / --bdpi 600 --mag 1+0/600 --dpi 600 ecrm0600
mktexpk --mfmode / --bdpi 600 --mag 1+0/600 --dpi 600 ecsi0900
mktexpk --mfmode / --bdpi 600 --mag 1+0/600 --dpi 600 ecsx2074
mktexpk --mfmode / --bdpi 600 --mag 1+0/600 --dpi 600 eccc0900
mktexpk --mfmode / --bdpi 600 --mag 1+0/600 --dpi 600 ecti0900
mktexpk --mfmode / --bdpi 600 --mag 1+0/600 --dpi 600 ectt0900
mktexpk --mfmode / --bdpi 600 --mag 1+0/600 --dpi 600 ecrm0900
mktexpk --mfmode / --bdpi 600 --mag 1+0/600 --dpi 600 ecsl1200
mktexpk --mfmode / --bdpi 600 --mag 1+0/600 --dpi 600 ecsl1000
mktexpk --mfmode / --bdpi 600 --mag 1+0/600 --dpi 600 ecrm0700
mktexpk --mfmode / --bdpi 600 --mag 1+0/600 --dpi 600 ecss0900
mktexpk --mfmode / --bdpi 600 --mag 1+0/600 --dpi 600 ecbi1000
mktexpk --mfmode / --bdpi 600 --mag 1+0/600 --dpi 600 eccc1000
mktexpk --mfmode / --bdpi 600 --mag 1+0/600 --dpi 600 ecti1000
mktexpk --mfmode / --bdpi 600 --mag 1+0/600 --dpi 600 ecsi1000
mktexpk --mfmode / --bdpi 600 --mag 1+0/600 --dpi 600 ectt1000
mktexpk --mfmode / --bdpi 600 --mag 1+0/600 --dpi 600 eccc1200
mktexpk --mfmode / --bdpi 600 --mag 1+0/600 --dpi 600 ecss1000
mktexpk --mfmode / --bdpi 600 --mag 1+0/600 --dpi 600 ecss1200
mktexpk --mfmode / --bdpi 600 --mag 1+0/600 --dpi 600 ecsx1440
mktexpk --mfmode / --bdpi 600 --mag 1+0/600 --dpi 600 ecsx1000
mktexpk --mfmode / --bdpi 600 --mag 1+0/600 --dpi 600 ecsx2488
mktexpk --mfmode / --bdpi 600 --mag 1+0/600 --dpi 600 ectt0800
mktexpk --mfmode / --bdpi 600 --mag 1+0/600 --dpi 600 ecrm0500
mktexpk --mfmode / --bdpi 600 --mag 1+0/600 --dpi 600 ecrm0800
mktexpk --mfmode / --bdpi 600 --mag 1+0/600 --dpi 600 ecrm1000
