\BOOKMARK [0][-]{chapter*.1}{Preface}{}
\BOOKMARK [0][-]{chapter*.2}{Contents}{}
\BOOKMARK [0][-]{chapter*.3}{List of Tables}{}
\BOOKMARK [0][-]{chapter*.4}{List of Figures}{}
\BOOKMARK [0][-]{chapter*.5}{Acknowledgments}{}
\BOOKMARK [0][-]{chapter*.6}{Abstract}{}
\BOOKMARK [0][-]{chapter*.7}{Resumen}{}
\BOOKMARK [0][-]{chapter*.8}{Resum}{}
\BOOKMARK [-1][-]{part.1}{I Preliminaries}{}
\BOOKMARK [0][-]{chapter.1}{Introduction}{part.1}
\BOOKMARK [1][-]{section.1.1}{General objectives}{chapter.1}
\BOOKMARK [1][-]{section.1.2}{Objectives}{chapter.1}
\BOOKMARK [1][-]{section.1.3}{Thesis chronology}{chapter.1}
\BOOKMARK [1][-]{section.1.4}{Outline of this thesis}{chapter.1}
\BOOKMARK [1][-]{section.1.5}{Particular considerations}{chapter.1}
\BOOKMARK [0][-]{chapter.2}{The post-genomic era}{part.1}
\BOOKMARK [1][-]{section.2.1}{The genomic landscape}{chapter.2}
\BOOKMARK [1][-]{section.2.2}{The genomic era}{chapter.2}
\BOOKMARK [1][-]{section.2.3}{The post-genomic era}{chapter.2}
\BOOKMARK [-1][-]{part.2}{II State of the Art}{}
\BOOKMARK [0][-]{chapter.3}{The golden age of sequence analysis}{part.2}
\BOOKMARK [1][-]{section.3.1}{Foundations of sequence comparison}{chapter.3}
\BOOKMARK [1][-]{section.3.2}{Alphabets, sequences and alignments}{chapter.3}
\BOOKMARK [1][-]{section.3.3}{An anthology of algorithms for global alignments}{chapter.3}
\BOOKMARK [1][-]{section.3.4}{A short overview on local sequence alignment}{chapter.3}
\BOOKMARK [1][-]{section.3.5}{A short overview on multiple sequence alignment}{chapter.3}
\BOOKMARK [1][-]{section.3.6}{Map alignments}{chapter.3}
\BOOKMARK [0][-]{chapter.4}{Computational Gene and Promoter Characterization}{part.2}
\BOOKMARK [1][-]{section.4.1}{Genes and promoters}{chapter.4}
\BOOKMARK [1][-]{section.4.2}{Computational approaches}{chapter.4}
\BOOKMARK [1][-]{section.4.3}{Detection of signals}{chapter.4}
\BOOKMARK [1][-]{section.4.4}{Content recognition}{chapter.4}
\BOOKMARK [1][-]{section.4.5}{Sequence comparison}{chapter.4}
\BOOKMARK [1][-]{section.4.6}{The state of the art in gene identification}{chapter.4}
\BOOKMARK [1][-]{section.4.7}{The state of the art in promoter characterization}{chapter.4}
\BOOKMARK [1][-]{section.4.8}{Looking forward}{chapter.4}
\BOOKMARK [-1][-]{part.3}{III Meta-Alignment of Sequences}{}
\BOOKMARK [0][-]{chapter.5}{Meta-alignment of Biological Sequences}{part.3}
\BOOKMARK [1][-]{section.5.1}{Biological maps: promoters}{chapter.5}
\BOOKMARK [1][-]{section.5.2}{Transcription Factor maps}{chapter.5}
\BOOKMARK [1][-]{section.5.3}{TF-map pairwise alignment}{chapter.5}
\BOOKMARK [1][-]{section.5.4}{TF-map alignment training}{chapter.5}
\BOOKMARK [1][-]{section.5.5}{TF-map alignments in orthologous genes}{chapter.5}
\BOOKMARK [1][-]{section.5.6}{TF-map alignments in co-regulated genes}{chapter.5}
\BOOKMARK [1][-]{section.5.7}{TF-map alignments and matrix specificity}{chapter.5}
\BOOKMARK [1][-]{section.5.8}{Local TF-map alignments}{chapter.5}
\BOOKMARK [1][-]{section.5.9}{Discussion}{chapter.5}
\BOOKMARK [0][-]{chapter.6}{Multiple Non-Collinear TF-map Alignment}{part.3}
\BOOKMARK [1][-]{section.6.1}{The need for multiple TF-map alignment}{chapter.6}
\BOOKMARK [1][-]{section.6.2}{Basic definitions}{chapter.6}
\BOOKMARK [1][-]{section.6.3}{The algorithms}{chapter.6}
\BOOKMARK [1][-]{section.6.4}{Non-colinear TF-map alignments}{chapter.6}
\BOOKMARK [1][-]{section.6.5}{Biological results}{chapter.6}
\BOOKMARK [0][-]{chapter.7}{Conclusions}{part.3}
\BOOKMARK [-1][-]{part.4}{IV Appendices}{}
\BOOKMARK [0][-]{appendix*.127}{Curriculum Vitae}{part.4}
\BOOKMARK [0][-]{appendix*.132}{Software}{part.4}
\BOOKMARK [0][-]{appendix*.137}{List of Publications}{part.4}
\BOOKMARK [0][-]{appendix*.141}{Publications}{part.4}
\BOOKMARK [0][-]{appendix*.149}{Posters}{part.4}
\BOOKMARK [0][-]{appendix*.154}{Miscellanea}{part.4}
\BOOKMARK [0][-]{appendix*.160}{WebSite References}{part.4}
\BOOKMARK [0][-]{section*.161}{Index}{part.4}
